

*******************************************************************************
Thu Oct 25 15:51:36 2012


FIT:    data read from 'data3.txt' u 1:2
        format = x:z
        #datapoints = 51
        residuals are weighted equally (unit weight)

function used for fitting: f(x)
fitted parameters initialized with current variable values



*******************************************************************************
Thu Oct 25 15:51:42 2012


FIT:    data read from 'data3.txt' u 1:2
        format = x:z
        #datapoints = 51
        residuals are weighted equally (unit weight)

function used for fitting: f(x)
fitted parameters initialized with current variable values



*******************************************************************************
Thu Oct 25 15:51:57 2012


FIT:    data read from 'data3.txt' u 1:2
        format = x:z
        #datapoints = 51
        residuals are weighted equally (unit weight)

function used for fitting: f(x)
fitted parameters initialized with current variable values



 Iteration 0
 WSSR        : 49.0871           delta(WSSR)/WSSR   : 0
 delta(WSSR) : 0                 limit for stopping : 1e-05
 lambda	  : 1

initial set of free parameter values

mean_y          = 1

After 3 iterations the fit converged.
final sum of squares of residuals : 0.0674485
rel. change during last iteration : -1.03295e-08

degrees of freedom    (FIT_NDF)                        : 50
rms of residuals      (FIT_STDFIT) = sqrt(WSSR/ndf)    : 0.0367283
variance of residuals (reduced chisquare) = WSSR/ndf   : 0.00134897

Final set of parameters            Asymptotic Standard Error
=======================            ==========================

mean_y          = 0.0196078        +/- 0.005143     (26.23%)


correlation matrix of the fit parameters:

               mean_y 
mean_y          1.000 
